  - Connected to PostgreSQL
  - Server running on http://localhost:3000
GET /api/products/womens?limit=2
GET /api/products/mens?limit=100&offset=0
GET /img/test.jpg
GET /api/product/28
GET /api/product/12
GET /api/product/106
GET /api/products/womens?limit=10
GET /api/products/mens?limit=100
GET /api/products/mens?limit=5
GET /api/products/womens?limit=100
GET /api/products/womens?limit=5
GET /api/products/womens?limit=100
GET /api/categories
GET /api/products/mens?limit=100
GET /api/products/womens?limit=100
GET /api/products/womens?limit=100
GET /api/products/womens?limit=15
GET /api/products/mens?limit=100&offset=0
GET /img/test.jpg
GET /api/categories
GET /api/sizes
GET /api/tags
GET /api/materials
GET /api/admin/products?sort_by=id&sort_direction=desc&limit=100&offset=0
GET /api/products/mens?limit=100&offset=0
GET /img/test.jpg
GET /api/products/womens?limit=100&offset=0
GET /api/categories
GET /api/sizes
GET /api/tags
GET /api/materials
GET /api/admin/products?sort_by=id&sort_direction=desc&limit=100&offset=0
GET /api/product/kurtka-zhenskaya-vetrovka
GET /api/product/kurtka-zhenskaya-vetrovka
GET /api/product/termobele-komfort
GET /api/products/womens?limit=3
GET /api/product/kurtka-zimnyaya-zhenskaya
GET /api/products/mens?limit=100
GET /api/products/womens?limit=100
GET /api/products/womens?limit=5
GET /api/product/kurtka-zhenskaya-vetrovka
GET /api/product/kombinezon-zhenskij
GET /api/categories
GET /api/sizes
GET /api/tags
GET /api/materials
GET /api/admin/products?sort_by=id&sort_direction=desc&limit=100&offset=0
GET /api/product/145
GET /api/product/146
GET /api/categories
GET /api/sizes
GET /api/tags
GET /api/materials
GET /api/admin/products?sort_by=id&sort_direction=desc&limit=100&offset=0
GET /api/products/womens?limit=3
GET /api/products/womens?limit=2
GET /api/products/mens?limit=1000
GET /api/products/womens?limit=1000
GET /api/products/womens?limit=1
GET /api/categories
GET /api/sizes
GET /api/tags
GET /api/materials
GET /api/admin/products?sort_by=id&sort_direction=desc&limit=100&offset=0
GET /api/products/womens?limit=100&offset=0
GET /api/product/kombinezon-zhenskij
GET /api/categories
GET /api/sizes
GET /api/tags
GET /api/materials
GET /api/admin/products?sort_by=id&sort_direction=desc&limit=100&offset=0
